
─────────────────────
0508_2208 |	lam: 9	tip: t	
─────────────────────
0508_2209 |	lam: 9	tip: t	
─────────────────────
0508_2221 |	lam: 9	tip: t	
─────────────────────
0508_2222 |	lam: 9	tip: t	
─────────────────────
0508_2222 |	lam: 9.0	tip: t	
─────────────────────
0508_2225 |	lam: 9.0	tip: t	
─────────────────────
0508_2229 |	lam: 9.0	tip: t	
─────────────────────
0508_2324 |	lam: 0.01	
─────────────────────
0508_2324 |	lam: 0.01	
─────────────────────
0508_2325 |	lam: 0.01	
─────────────────────
0508_2327 |	lam: 0.01	
─────────────────────
0508_2339 |	lam: 0.01	
─────────────────────
0508_2343 |	lam: 0.01	
─────────────────────
0508_2344 |	lam: 0.01	
─────────────────────
0508_2350 |	num_epochs: 5	lam: 1.0	
─────────────────────
0509_0045 |	lam: 0.1	
─────────────────────
0509_0206 |	lam: 5.0	
─────────────────────
0509_0325 |	lam: 20.0	
─────────────────────
0509_0445 |	lam: 100.0	
─────────────────────
0509_0604 |	lam: 300.0	
─────────────────────
0509_0842 |	
─────────────────────
0509_0844 |	
─────────────────────
0509_0847 |	
─────────────────────
0509_0849 |	
─────────────────────
0509_0855 |	lam: 1.0	
─────────────────────
0510_1911 |	lam: 1.0	
─────────────────────
0510_1914 |	lam: 1.0	
─────────────────────
0510_2123 |	lam: 1.0	
─────────────────────
0510_2124 |	lam: 1.0	
─────────────────────
0510_2126 |	lam: 1.0	
─────────────────────
0510_2127 |	lam: 1.0	
─────────────────────
0510_2138 |	batch_size: 10	lam: 1.0	
─────────────────────
0510_2139 |	batch_size: 16	lam: 1.0	
─────────────────────
0510_2239 |	batch_size: 16	lam: 1.0	
─────────────────────
0510_2240 |	batch_size: 16	lam: 1.0	
─────────────────────
0511_1704 |	lam: 1.0	
─────────────────────
0511_1706 |	lam: 1.0	
─────────────────────
0511_1710 |	lam: 1.0	
─────────────────────
0511_1714 |	lam: 1.0	
─────────────────────
0511_1715 |	lam: 1.0	
─────────────────────
0511_1716 |	lam: 1.0	
─────────────────────
0511_1720 |	lam: 1.0	
─────────────────────
0511_1721 |	lam: 1.0	
─────────────────────
0511_1727 |	lam: 1.0	
─────────────────────
0511_1729 |	lam: 1.0	
─────────────────────
0511_1735 |	lam: 1.0	
─────────────────────
0511_1736 |	lam: 1.0	
─────────────────────
0511_1738 |	lam: 1.0	
─────────────────────
0511_1742 |	lam: 2.0	
─────────────────────
0511_1757 |	batch_size: 10	lam: 5.0	