nohup: 忽略输入
00900240
00903921
00904720
00901043
00906908
00906767
00904920
00906600
00905852
00901594
00903563
00906194
00900988
00905984
00907885
00902996
00902528
00905417
00903474
00903954
00906418
00901593
00900241
00906419
00904844
00900554
00903559
00909828
00900967
00900912
00907609
00590290
00596378
00591527
00592308
00598070
00593842
00598588
00598071
00599531
00595789
00590594
00599283
00598072
00590615
00591358
00595318
00593493
00591526
00599194
00599193
00594964
00598308
00599097
00596813
00593024
00598915
00590463
00592397
00596738
00598307
00591117
00594064
00591359
00596094
00593491
00590464
00599781
00592715
00594266
00599098
00590358
00598651
00480766
00489221
00484632
00484536
00486125
00484552
00483825
00485468
00485933
00486518
00486617
00483249
00484599
00484584
00488895
00486456
00481044
00486455
00480623
00484859
00483384
00484294
00481955
00485440
00480742
00484616
00485861
00484142
00488460
00488766
00485477
00486270
00485862
00480852
00486030
00480765
00488936
00483764
00480224
00980262
00985194
00988537
00986007
00986237
00986039
00988549
00980551
00982709
00989166
00983687
00986176
00983365
00984770
00980185
00984146
00987811
00989322
00989750
00987596
00981584
00983366
00987941
00985884
00989312
00981221
00983790
00988613
00981525
00984147
00444087
00443997
00448131
00440047
00446808
00440159
00442896
00445041
00440756
00440754
00448861
00440755
00444433
00443370
00440053
00440748
00444094
00448806
00446587
00440037
00444002
00447647
00442267
00442519
00440746
00443578
00440747
00445925
00448659
00448181
00442764
00443580
00448120
00440052
00248283
00245439
00242910
00246855
00248146
00248145
00248209
00249558
00244599
00242758
00244893
00242914
00242464
00246265
00244439
00249789
00249723
00243596
00249614
00243581
00249827
00242268
00242269
00249445
00246540
00245847
00242053
00248332
00243279
00244894
00248282
00244084
00033310
00038116
00034467
00038795
00035641
00033207
00031988
00032359
00030662
00039019
00037073
00031471
00033745
00039020
00037553
00036947
00034201
00031348
00039793
00036290
00033474
00033422
00032358
00036786
00034607
00035860
00034077
00038796
00038889
00035044
00030935
00038888
00038954
00034162
00033774
00038955
00037318
00034076
00032357
00035540
00031019
00037998
00031099
00003891
00006004
00007838
00006488
00007885
00005418
00009933
00007466
00005277
00007861
00005545
00009255
00009682
00000908
00002240
00001985
00008841
00003954
00005232
00008022
00008136
00008117
00006975
00009934
00008782
00003587
00020714
00028199
00021300
00024076
00029744
00021654
00020000
00029148
00026598
00020067
00028229
00028053
00020326
00026597
00021911
00024077
00021141
00021003
00026467
00020327
00021941
00022373
00021078
00027999
00025220
00021737
00029676
00029267
00025653
00025945
00028054
00029266
00025647
00029675
00021338
00024441
00728155
00720287
00728159
00726449
00726152
00727078
00720740
00729851
00728010
00729723
00722371
00720557
00727807
00728527
00723235
00727709
00721986
00727834
00729646
00723449
00727692
00726080
00720741
00723440
00721902
00728560
00720295
00723990
00729724
00722956
00729996
00720558
00724026
00723111
00728561
00727660
00720047
00150914
00157055
00159181
00152348
00153667
00153263
00153420
00150613
00152127
00158333
00152545
00156979
00156029
00159145
00154789
00158620
00156460
00154875
00157308
00155787
00152462
00152521
00153912
00150949
00158619
00152997
00158926
00151244
00151786
00152530
00154876
00155344
00150483
00150876
00152486
00150889
00153702
00150611
00150563
00156030
00153421
00153863
00155050
00408339
00401452
00404048
00403849
00405376
00404833
00404948
00400869
00408694
00409841
00402273
00400703
00407976
00400034
00409791
00402013
00409680
00405841
00401860
00408693
00409057
00402771
00401801
00403478
00409649
00308630
00302408
00302935
00304115
00309731
00302937
00302052
00305674
00302057
00302110
00309757
00304769
00302053
00301605
00302055
00304766
00309676
00309862
00303878
00302179
00305310
00305961
00302564
00309684
00300680
00308230
00300675
00302322
00300625
00304100
00309540
00309623
00304469
00307436
00307032
00867648
00862706
00864415
00860171
00862514
00862554
00866943
00868704
00868699
00864920
00866183
00866421
00868701
00867365
00864673
00864720
00865542
00864229
00862115
00861223
00867402
00868703
00868698
00868702
00863614
00865539
00867647
00861046
00861497
00865537
00860443
00865547
00865541
00865540
00865536
00869088
00865769
00868467
00867579
00867574
00860554
00868700
00766595
00766722
00762938
00762918
00768215
00762720
00764220
00766975
00769995
00764176
00768810
00764228
00765911
00767857
00762940
00760135
00767824
00768216
00768094
00760134
00764681
00762078
00762939
00762150
00762835
00764656
00768093
00762941
00764882
00606012
00605434
00607929
00607930
00606207
00603513
00600204
00608467
00600850
00603043
00608017
00607161
00607796
00600865
00605293
00603989
00389371
00386522
00386566
00388568
00381666
00382716
00381214
00388158
00381861
00385675
00385657
00381213
00382447
00386202
00386594
00385819
00381719
00380112
00386515
00389422
00385818
00381656
00380053
00384789
00382436
00389466
00386946
00386945
00388230
00386559
00386842
00387495
00386283
00381862
00386660
00386552
00389379
00149433
00147802
00148341
00146927
00141599
00140889
00149985
00147506
00143300
00143373
00145930
00146247
00141646
00140744
00143881
00140888
00142961
00144528
00144529
00143884
00144371
00143027
00148884
00144056
00143175
00141497
00144057
00144845
00143994
00145755
00580038
00580125
00589965
00585256
00589966
00584764
00583955
00582434
00589224
00586716
00582463
00584863
00589549
00586094
00589642
00586539
00586880
00588948
00584134
00583625
00582052
00580012
00588462
00586095
00588430
00580370
00587708
00583560
00583411
00580169
00587492
00583769
00584128
00580372
00680209
00683073
00687020
00681990
00685955
00682730
00685566
00689411
00685096
00685650
00683910
00689106
00687863
00688693
00680610
00684618
00686846
00687546
00689157
00680165
00681939
00682729
00683227
00689161
00685244
00683128
00682532
00689888
00689151
00686183
00688516
00681780
00683502
00689155
00680648
00684488
00689162
00689669
00687815
00689159
00688652
00680612
00689854
00963339
00961743
00963088
00965840
00966252
00961399
00960224
00969131
00969911
00961742
00968191
00961016
00962384
00967283
00964806
00962469
00964197
00966694
00961314
00966700
00963695
00962468
00963694
00968740
00967540
00966510
00505046
00508954
00503853
00500467
00501587
00501482
00502825
00500950
00507323
00503925
00505535
00504621
00503852
00508999
00502557
00508428
00501013
00506022
00507966
00503500
00508602
00503252
00501247
00508244
00507322
00502627
00505882
00501687
00505747
00500380
00502828
00503750
00504822
00505534
00507462
00507074
00501639
00503979
00502085
00503944
00507965
00502451
00322136
00327789
00327501
00324991
00328248
00324318
00328249
00323032
00326884
00322825
00324464
00329824
00322826
00329605
00324564
00321478
00326127
00324317
00326720
00324019
00327394
00328074
00324458
00321075
00321477
00325907
00325177
00327790
00329606
00946591
00943290
00949997
00945026
00948011
00947018
00947781
00944927
00947578
00946765
00947899
00944926
00943033
00946993
00947273
00945088
00949172
00940095
00945507
00946889
00941772
00945061
00944319
00946888
00941052
00944710
00943296
00944928
00943569
00949899
00948012
00946994
00941085
00944160
00818769
00818597
00814559
00816428
00819930
00816027
00818146
00814434
00814008
00815323
00815400
00813454
00819866
00819594
00816063
00813616
00817547
00819344
00810683
00819964
00814433
00811760
00819402
00818950
00812001
00816714
00814129
00815224
00813514
00811870
00952358
00956806
00957587
00952341
00953196
00951177
00959038
00955097
00954854
00959309
00959914
00954951
00953953
00952968
00955423
00959913
00958064
00959688
00956398
00952036
00950960
00954952
00953520
00953521
00952088
00950961
00951569
00951063
00952592
00958651
00955098
00953197
00955732
00951176
00958650
00950339
00950338
00473481
00478117
00475110
00476396
00478426
00471455
00476614
00479077
00473674
00475344
00475054
00475639
00475109
00475367
00472510
00472541
00477803
00474277
00470565
00471260
00473677
00478387
00474214
00474917
00475108
00471261
00477801
00475107
00478636
00476025
00478632
00736323
00738036
00733165
00734037
00732925
00733461
00737128
00732539
00739921
00739722
00732300
00736812
00732769
00730346
00735759
00738279
00736567
00739466
00736308
00737107
00733738
00739877
00735600
00733781
00730383
00738080
00737552
00736528
00733376
00736991
00736810
00730066
00850066
00858636
00854104
00853183
00852528
00859365
00851903
00850627
00850526
00856729
00856043
00853555
00853999
00856706
00857756
00856112
00852627
00857604
00851213
00856225
00853530
00852465
00854179
00851780
00857332
00208238
00205393
00203338
00201954
00201953
00209144
00209863
00203333
00201114
00209830
00202870
00200197
00206132
00202337
00202336
00206717
00202202
00202083
00203867
00563058
00567077
00568478
00562196
00563057
00562058
00563490
00567626
00565189
00568250
00567696
00566131
00562894
00563819
00569748
00569331
00561414
00567697
00564977
00564645
00566128
00565054
00562545
00562232
00562895
00566948
00563268
00566130
00564646
00564941
00564428
00560864
00566127
00561332
00560717
00563324
00565127
00565188
00562764
00568588
00641143
00642502
00646417
00642297
00645095
00645457
00641490
00648430
00646925
00642980
00645033
00643766
00641716
00641802
00642850
00641567
00649041
00644447
00649587
00641535
00644206
00642691
00640048
00642299
00647593
00640828
00640071
00647592
00096643
00097011
00096535
00097706
00092678
00097344
00091395
00099330
00099421
00093023
00097532
00095875
00096861
00098558
00097381
00096895
00092677
00099329
00090509
00099512
00096319
00090947
00099511
00094216
00099602
00095632
00092760
00096781
00099828
00091193
00092761
00094682
00098656
00096894
00093772
00094681
00096860
00099603
00099420
00286360
00285114
00285643
00282453
00282042
00284398
00280929
00284727
00284453
00289773
00282588
00286378
00289853
00289780
00287803
00280079
00285966
00287469
00284100
00284406
00288575
00280598
00289854
00523808
00524912
00526646
00529040
00522162
00526650
00520308
00529129
00529469
00523994
00525805
00525476
00524996
00525762
00523819
00521728
00520670
00520000
00523717
00523910
00523864
00522404
00525500
00525802
00527246
00528163
00527367
00414760
00418513
00415478
00413151
00414761
00410583
00412459
00415619
00417737
00412961
00417879
00418437
00418159
00411497
00418439
00413671
00414262
00412565
00411076
00414982
00411717
00418044
00411905
00416422
00414919
00413494
00410587
00418160
00418569
00411994
00411383
00411289
00413553
00410466
00413150
00418436
00413588
00412934
00412549
00411382
00416393
00411718
00411079
00834131
00831534
00832249
00835550
00836157
00834439
00832324
00835790
00837958
00837378
00835946
00835998
00834800
00835792
00830658
00831104
00839626
00839621
00833007
00838604
00836321
00831728
00830541
00834986
00839686
00835193
00832165
00830540
00830685
00836490
00836048
00835092
00835600
00837251
00831651
00837665
00834762
00835143
00835498
00837607
00834495
00833760
00423120
00420867
00422990
00427850
00420866
00428981
00422515
00420719
00428745
00424299
00420166
00424300
00429803
00423459
00421531
00420197
00429497
00421133
00421132
00423216
00423244
00191036
00191147
00193758
00196907
00199202
00198245
00196045
00198121
00195925
00194594
00193391
00196906
00194606
00196340
00192234
00192027
00192344
00196107
00191691
00198918
00196527
00199177
00195924
00196059
00195764
00190090
00191728
00126033
00122110
00124430
00122416
00126132
00128609
00125823
00125992
00124693
00123364
00122202
00122620
00121438
00128993
00125886
00120512
00125824
00127330
00125083
00122203
00124938
00124694
00126158
00127399
00129652
00122109
00125190
00122727
00121761
00125520
00126949
00120905
00974348
00978151
00974874
00975349
00972968
00978604
00974600
00978865
00972915
00973666
00975350
00970039
00973741
00976479
00976169
00973050
00978837
00975302
00973820
00971486
00975886
00978727
00977639
00978502
00972302
00974349
00977687
00970117
00973742
00978503
00978722
00971467
00970445
00978603
00971185
00974271
00718493
00713120
00711824
00716106
00712727
00713387
00713124
00719611
00714335
00713721
00715300
00715326
00719931
00710957
00718293
00715765
00715327
00711331
00719511
00710709
00713211
00718568
00719924
00717940
00716034
00716314
00710130
00710792
00718183
00710757
00714501
00710927
00492666
00490687
00491192
00498172
00491185
00494941
00495630
00493803
00492166
00493157
00491920
00497948
00492797
00499979
00499182
00499229
00492947
00493007
00494888
00499232
00495607
00491183
00495281
00493302
00495083
00497442
00331924
00336659
00331169
00334601
00339604
00338057
00336699
00334600
00337965
00333160
00334604
00334603
00333154
00330349
00335650
00334167
00333424
00334602
00331817
00331816
00331129
00339921
00331526
00061951
00065781
00069466
00060069
00068819
00061227
00060005
00064313
00065982
00069662
00066621
00063174
00064025
00067130
00061157
00067666
00062523
00060070
00069850
00064004
00060815
00063105
00065516
00061966
00068338
00063104
00065502
00060013
00069487
00066769
00069177
00065815
00069114
00061968
00067863
00065892
00061470
00069663
00063516
00067232
00062852
00067338
00069926
00062524
00062926
00063175
00065290
00067233
00064405
00068475
00065166
00218359
00210284
00214668
00215812
00215794
00211814
00214329
00210821
00212865
00215732
00213332
00216782
00210822
00217403
00210261
00215878
00217083
00212862
00211210
00216787
00216931
00215684
00219344
00211209
00214982
00213505
00210466
00218446
00213674
00217529
00217386
00215151
00211418
00218044
00218506
00212095
00212211
00219343
00214981
00212094
00217248
00217796
00218533
00213650
00213854
00915234
00919405
00911578
00916855
00913923
00910920
00910644
00914223
00913551
00911598
00918219
00918118
00918803
00918053
00917250
00914433
00918218
00913972
00912109
00910329
00919840
00912981
00913461
00915546
00917654
00918499
00918117
00910959
00915701
00911963
00914378
00516917
00512112
00517092
00519563
00514744
00510765
00517284
00519528
00510350
00511759
00519546
00519441
00519442
00516592
00512111
00513223
00519242
00512864
00517674
00516204
00519020
00519910
00517935
00517931
00513222
00514653
00513498
00510351
00510687
00510835
00516025
00512301
00511578
00518498
00515400
00517361
00516982
00518358
00518346
00106433
00107430
00104568
00104572
00105834
00104098
00104625
00104609
00100072
00105825
00108767
00104355
00102714
00106746
00107753
00109282
00109773
00106161
00104739
00104871
00106745
00104632
00106159
00104905
00106156
00103025
00106682
00105288
00104740
00109542
00104633
00109541
00109599
00107224
00103026
00102750
00106723
00107370
00109281
00105159
00378418
00377360
00378259
00377914
00370823
00370751
00378608
00375074
00372464
00375769
00375073
00372747
00378692
00371072
00375490
00370974
00373549
00377401
00373164
00376251
00375996
00370478
00378260
00375542
00371709
00377278
00377692
00378693
00758480
00751603
00754835
00754236
00753421
00754860
00757066
00751899
00759262
00751602
00751050
00757067
00757625
00755628
00750544
00758117
00751820
00756731
00756803
00754659
00759909
00754152
00752832
00754856
00751800
00751937
00756471
00750616
00824538
00829376
00828266
00825105
00829477
00821472
00822020
00825424
00829427
00829063
00825116
00820802
00829648
00829749
00825375
00825364
00821854
00828846
00822471
00825118
00828845
00823479
00824947
00829574
00823955
00820752
00822406
00829013
00821629
00825113
00828315
00820718
00826642
00829699
00828966
00820057
00822654
00820014
00824591
00826015
00820076
00823934
00823406
00927684
00926936
00929344
00922309
00920159
00922305
00926211
00923370
00929249
00923727
00928999
00924262
00929250
00922063
00926755
00929343
00926935
00923781
00926934
00928639
00926733
00924003
00929437
00929436
00927167
00922563
00926933
00929080
00925568
00921871
00928466
00657458
00657416
00655053
00652539
00658153
00654681
00655198
00657636
00657746
00650814
00657635
00651163
00658723
00655564
00655220
00654048
00658633
00651224
00653239
00652682
00650680
00656003
00653728
00659566
00650813
00657665
00654818
00654819
00654987
00654283
00655659
00657765
00650810
00629672
00625004
00627079
00625659
00623239
00621384
00620058
00622814
00622555
00622976
00620394
00623609
00622977
00629965
00624157
00620108
00622558
00626608
00629647
00622794
00623814
00625690
00620107
00622561
00620923
00626821
00625530
00623067
00625691
00626738
00625660
00622560
00705724
00703624
00701146
00703933
00705552
00706493
00702867
00709269
00706085
00704523
00701535
00703268
00704901
00703787
00708771
00702122
00706910
00662227
00662248
00662267
00664953
00662882
00662813
00661319
00662998
00666301
00666736
00660513
00665900
00661110
00662885
00660984
00665899
00666380
00663204
00666008
00664174
00663566
00668713
00664173
00662228
00662884
00668632
00663648
00890962
00891047
00892707
00897564
00890961
00891904
00898282
00891905
00898091
00892437
00899856
00894754
00894054
00897281
00897239
00890225
00890963
00892491
00890171
00899863
00899137
00898256
00890664
00895995
00894564
00890279
00898366
00890324
00897453
00893127
00892689
00891405
00892442
00899855
00898083
00894477
00891681
00892547
00894755
00773521
00773076
00771125
00772824
00776960
00778037
00776070
00778041
00779768
00773914
00777992
00771598
00773267
00774419
00771941
00779074
00771706
00777993
00774274
00774739
00779142
00773520
00772857
00776793
00771600
00772433
00774745
00778285
00776176
00774164
00349001
00347948
00347947
00348375
00344199
00343785
00347269
00343362
00343547
00345901
00349840
00342021
00347562
00345402
00345403
00349059
00343485
00344693
00347283
00349042
00344198
00340368
00341816
00343548
00346549
00342115
00341755
00346132
00343398
00341354
00340888
00344780
00549734
00545976
00546153
00541421
00543633
00544570
00548882
00543424
00545193
00542778
00547057
00541656
00540708
00546154
00545116
00549552
00542076
00543634
00543261
00543919
00543037
00541782
00545980
00544269
00541659
00541660
00548221
00803068
00808288
00809472
00809800
00806551
00807447
00808270
00806498
00803279
00802546
00806189
00808013
00806169
00806468
00808699
00808589
00805103
00802199
00806245
00802051
00802316
00808700
00805104
00808976
00809533
00803881
00805593
00807667
00802760
00808941
00805108
00800938
00464777
00468246
00466900
00463897
00461647
00467361
00469794
00467627
00468194
00463775
00467680
00462078
00462055
00464765
00466090
00463741
00465995
00467621
00462054
00460787
00460062
00462858
00467637
00467219
00465795
00466091
00466324
00464433
00467845
00467020
00180552
00183522
00186069
00187039
00184940
00183775
00185158
00183521
00185591
00189853
00180980
00185016
00182077
00184831
00187634
00187203
00183211
00180922
00186817
00181099
00188664
00188712
00187894
00183558
00183302
00180923
00180553
00184526
00184790
00188833
00185592
00180464
00187183
00183003
00183329
00188663
00186784
00189734
00188160
00182226
00188383
00189733
00186017
00187208
00698016
00696184
00699001
00698442
00693968
00695138
00699344
00693524
00695171
00695186
00691966
00694169
00695905
00691137
00695848
00690751
00693936
00691012
00693641
00692726
00695849
00690750
00691443
00691360
00695414
00696874
00691483
00692413
00690844
00692727
00695153
00690063
00690593
00696842
00695906
00692004
00691011
00690843
00698256
00695149
00699904
00697559
00699952
00695140
00840710
00842359
00843208
00842966
00842705
00847880
00842411
00846108
00849586
00845410
00841198
00846562
00842757
00843059
00844332
00841644
00843018
00843334
00847588
00843163
00844333
00848084
00843112
00847358
00845943
00841511
00842462
00840059
00841507
00840264
00845822
00842914
00848999
00845141
00845546
00842653
00936391
00930655
00933514
00934970
00933350
00932303
00933450
00931987
00932010
00931988
00939682
00933451
00932042
00938299
00933732
00938518
00936887
00932302
00932400
00938923
00930394
00938894
00937314
00930401
00935506
00939637
00938884
00930654
00938633
00079061
00076939
00071451
00075259
00071664
00078826
00075482
00070737
00079592
00075183
00071050
00075258
00074973
00077243
00070043
00073228
00075058
00075544
00070872
00071049
00077332
00076248
00079475
00070203
00077977
00077592
00077206
00072482
00074171
00075514
00076654
00077976
00076271
00078569
00075024
00078082
00071693
00071821
00071663
00070202
00079512
00076712
00070000
00070871
00074579
00075404
00075182
00075481
00070450
00077989
00075405
00079041
00078825
00078570
00072791
00074170
00079044
00077331
00070012
00076713
00073173
00551520
00559795
00556403
00552011
00556646
00559532
00555615
00556275
00553600
00551733
00557308
00558017
00558097
00558675
00553523
00552149
00558702
00555128
00559535
00559724
00556402
00558098
00556619
00558725
00556647
00553727
00559796
00553616
00551471
00559725
00556618
00798305
00798501
00791183
00790151
00796453
00790479
00798035
00790124
00796732
00791611
00797880
00796391
00799743
00794915
00797852
00796205
00797000
00794575
00798304
00795328
00795186
00797869
00792829
00798506
00790983
00796912
00790045
00791972
00796177
00119038
00116898
00111544
00110955
00110028
00113304
00113503
00114097
00118001
00119673
00114841
00114548
00119039
00117691
00117339
00110208
00114634
00117226
00110248
00111618
00118347
00113902
00111617
00110247
00114570
00113486
00116222
00110368
00115607
00113901
00111343
00111342
00115929
00111504
00115195
00053356
00051480
00050090
00051766
00054778
00055753
00054291
00050625
00055103
00058114
00057929
00055957
00058890
00059820
00051518
00057579
00054312
00057930
00056951
00054871
00054628
00056262
00051699
00057284
00054290
00059653
00054184
00051584
00051700
00051252
00052291
00052655
00052656
00053122
00052292
00055065
00054183
00056263
00056503
00051767
00051997
00166110
00168976
00161601
00169338
00168377
00161434
00169689
00163832
00169688
00163833
00163529
00169712
00166399
00166616
00161546
00161787
00168203
00162637
00165367
00162563
00168398
00161545
00161435
00163831
00166398
00163117
00166161
00166912
00163830
00166769
00167001
00166696
00163828
00163829
00162012
00168416
00166350
00161288
00160702
00162764
00163834
00163366
00136139
00134664
00135679
00138016
00137492
00135875
00132241
00134719
00137493
00132465
00132013
00137082
00133496
00132566
00131038
00136405
00134804
00132521
00130634
00138416
00131972
00131743
00137087
00135766
00136384
00132510
00131010
00132600
00132476
00136140
00131993
00131478
00137605
00677848
00679216
00670792
00670788
00677289
00673149
00670791
00674816
00671184
00670818
00673471
00670790
00679853
00670425
00673470
00678500
00676218
00671939
00674556
00677350
00673987
00677775
00672757
00678637
00674317
00674949
00676838
00670960
00670464
00679523
00671183
00674169
00679060
00676855
00672359
00674299
00673524
00674973
00368772
00364658
00364694
00362852
00363275
00368444
00367982
00365471
00363276
00368313
00364657
00361961
00364858
00366477
00364593
00361070
00369938
00360456
00361942
00369102
00361879
00366520
00363415
00368312
00369144
00362849
00365001
00367981
00364594
00367979
00888421
00888521
00880921
00889618
00886381
00880907
00882501
00886318
00880211
00881154
00881392
00881957
00883188
00883181
00882658
00888006
00888555
00885188
00884105
00882264
00889294
00882263
00880280
00883480
00887153
00881517
00267466
00260029
00262188
00263305
00262479
00268035
00263266
00260252
00262281
00262735
00265164
00266319
00267946
00269520
00269130
00269518
00269111
00260732
00264582
00267394
00434196
00438330
00439018
00434439
00437317
00438064
00434971
00439741
00433406
00438298
00439672
00432917
00436977
00434008
00433424
00437021
00430820
00438888
00437617
00435902
00430759
00434029
00432928
00432358
00439172
00439594
00431726
00434020
00434832
00431996
00436980
00431957
00435632
00434203
00438672
00430451
00015509
00016194
00015550
00018414
00019015
00014606
00014617
00017394
00016629
00014928
00017856
00014628
00019443
00019442
00017683
00017857
00019066
00013936
00018415
00018055
00010555
00016936
00019999
00017597
00018027
00017711
00015727
00015293
00017598
00012300
00011996
00016966
00016405
00010113
00010661
00010531
00017482
00014639
00014007
00015510
00292018
00293420
00293421
00299509
00298820
00298821
00299763
00294839
00293706
00298311
00298617
00299941
00298568
00297188
00297258
00297257
00297990
00291228
00296645
00299982
00295702
00299138
00297260
00296536
00293148
00297259
00293572
00299983
00290004
00292393
00293471
00298563
00293399
00299987
00295426
00299302
00256171
00259612
00254985
00252900
00250066
00259180
00254986
00257471
00251529
00259434
00251375
00250065
00250152
00251242
00251369
00258770
00259179
00258356
00259610
00259530
00259648
00250872
00259435
00221941
00220670
00229208
00220603
00229952
00221259
00227039
00227040
00227713
00227201
00228538
00222431
00221499
00223579
00223982
00222765
00221260
00224179
00220478
00226007
00221998
00228876
00995106
00994164
00996966
00991547
00999030
00999793
00999604
00998300
00998789
00995676
00997334
00994908
00999443
00990184
00998772
00992929
00990603
00995082
00998890
00997076
00998891
00998036
00993388
00995094
00990555
00993387
00993256
00999444
00997167
00998431
00999148
00997075
00993901
00614760
00612057
00618809
00614930
00617343
00617704
00613881
00614027
00613945
00619528
00614644
00611617
00612267
00618501
00616672
00618547
00612915
00619387
00610693
00610384
00614548
00618440
00612754
00612268
00617032
00619840
00610899
00619529
00617156
00615872
00613122
00610816
00617254
00610548
00610344
00619841
00395401
00395107
00392356
00390577
00396019
00395184
00393630
00397519
00393873
00395399
00397847
00397069
00396625
00391312
00393629
00390373
00398181
00393076
00395400
00390253
00394417
00394665
00392973
00390827
00310000
00312579
00316859
00310185
00317701
00318072
00310666
00310745
00318735
00315259
00315696
00318149
00310052
00315188
00315695
00315054
00318807
00310969
00318589
00315341
00788473
00789685
00787266
00782569
00782321
00789855
00783500
00781734
00782571
00786829
00782333
00787925
00783951
00785690
00789736
00788321
00780750
00788753
00781554
00782093
00784533
00789845
00785004
00789850
00789565
00359009
00350232
00359944
00358822
00359385
00355967
00351414
00350194
00356197
00351108
00356778
00353935
00356795
00354854
00358821
00350412
00352038
00352801
00357706
00359955
00350231
00352134
00350193
00877863
00876226
00875951
00872884
00874473
00877677
00870398
00871778
00870555
00875981
00879682
00876798
00874849
00870272
00872538
00870271
00879113
00873014
00876698
00875755
00878708
00872150
00871675
00875249
00875741
00743457
00747386
00745569
00744499
00745464
00742194
00746380
00746442
00749180
00746064
00742154
00743985
00749326
00744533
00744338
00749991
00745103
00744354
00747982
00742157
00742540
00746381
00747932
00749320
00749606
00741232
00740910
00741789
00230508
00232171
00234551
00235224
00233764
00235995
00234810
00235932
00238642
00231680
00238797
00234645
00238795
00235141
00237592
00234396
00231271
00235426
00233874
00232436
00238248
00237755
00238348
00236749
00237810
00233696
00237231
00239316
00236084
00233697
00279458
00277144
00270696
00279763
00276825
00272670
00279320
00271917
00274905
00270961
00277271
00279457
00272428
00270057
00270877
00277515
00279460
00279459
00271916
00272531
00270918
00278747
00276615
00270729
00270999
00278098
00271027
00277172
00279323
00573965
00575640
00570765
00571595
00577641
00570848
00577310
00577326
00574496
00572069
00572429
00578705
00573171
00570222
00576308
00572070
00578637
00577325
00579812
00579832
00575195
00573465
00578857
00575630
00577700
00579279
00573330
00573650
00575639
00579012
00570262
00579689
00571443
00571233
00575470
00047800
00043285
00048874
00049498
00046772
00049567
00047794
00046964
00046440
00049566
00047798
00044726
00044653
00048662
00045624
00048410
00049317
00047208
00040311
00043044
00042122
00046771
00041028
00040845
00040334
00047795
00049823
00041029
00043219
00042599
00049824
00049405
00042767
00046582
00040021
00040312
00048411
00043218
00043621
00048082
00042510
00043286
00049499
00049679
00048958
00046978
00639699
00638029
00633614
00635253
00635747
00635491
00637239
00635251
00639596
00639697
00635267
00638552
00634504
00631230
00637157
00633022
00635490
00636613
00632736
00631251
00634497
00633306
00084729
00080752
00087591
00088586
00084384
00080047
00085411
00080605
00083633
00080303
00089368
00082240
00080604
00080221
00085293
00083744
00089366
00084320
00080736
00084466
00088087
00083094
00080138
00080137
00080220
00082230
00088913
00086431
00080304
00089891
00088000
00083632
00081012
00089890
00088001
00081698
00173221
00179186
00177778
00179584
00174380
00176324
00177657
00171297
00176412
00173947
00176556
00179955
00170033
00173826
00173862
00176372
00177713
00179966
00174021
00170034
00175907
00177762
00178505
00179802
00178464
00172985
00179185
00171483
00176143
00173619
00176819
00171472
00179963
00172656
00174445
00179191
00173800
00176397
00171912
00174074
00178447
00171296
00173656
00179221
00179946
00174183
00459701
00459059
00450206
00456691
00459060
00452162
00455268
00459205
00459206
00458299
00458481
00457994
00453171
00451528
00450025
00451560
00450011
00452871
00453101
00450198
00451121
00451332
00458252
00459778
00452108
00453172
00456556
00451398
00459460
00456894
00459501
00459668
00459779
00455746
00458482
00458246
00534117
00536410
00531534
00535680
00531203
00531735
00536946
00531384
00537431
00533461
00534230
00539575
00530271
00531741
00539733
00535115
00536777
00535823
00536334
00535326
00535174
00535822
00537622
00536448
00531797
00532060
00532061
00533481
00532437
00532614
9187 5904
